         w __deregister_frame_info
         w _ITM_deregisterTMCloneTable
         w _ITM_registerTMCloneTable
         w _Jv_RegisterClasses
         w __register_frame_info
00000000 b .LANCHOR1
00000000 a shift
00000000 a shift
00000000 b _TLS_MODULE_BASE_
00000000 00002000 b tmp_buffer.6665
00001ff8 b .LANCHOR2
00002000 00000401 b __fixedpath
00002404 00000802 b __utf16path
00002c08 00000802 b __utf16path_old.6736
00100000 T _start
00100000 T __start__
00100008 T __service_ptr
0010000c T __apt_appid
00100010 T __heap_size
00100014 T __linear_heap_size
00100018 T __system_arglist
0010001c T __system_runflags
00100020 t startup
00100058 t ClearMem
0010006c t ClrLoop
00100094 T _init
001000ac t deregister_tm_clones
001000dc t register_tm_clones
00100114 t __do_global_dtors_aux
00100158 t frame_dummy
001001b4 T initSystem
001001f8 T __ctru_exit
00100218 T __aeabi_idiv
00100218 00000220 T __divsi3
00100220 t .divsi3_skip_div0_test
00100438 00000020 T __aeabi_idivmod
00100458 00000004 W __aeabi_idiv0
00100458 00000004 W __aeabi_ldiv0
0010045c T __aeabi_uldivmod
00100498 00000128 T __udivmoddi4
001005c8 00000390 T strcmp
00100960 00000008 t null_write
00100968 00000018 T setDefaultDevice
00100980 000000bc T FindDevice
00100a3c 0000002c T RemoveDevice
00100a68 00000098 T AddDevice
00100b00 00000024 T GetDeviceOpTab
00100b24 0000007c T _close_r
00100ba0 0000006c T _fstat_r
00100c0c 00000008 T _isatty_r
00100c14 00000078 T _lseek_r
00100c8c 000000c8 T _open_r
00100d54 00000078 T _read_r
00100dcc 00000070 T _sbrk_r
00100e3c 0000005c T _unlink_r
00100e98 00000078 T _write_r
00100f10 000001bc T _concatenate_path
001010cc 00000154 T chdir
00101220 000000a0 T getcwd
001012c0 00000008 T __flockfile
001012c8 00000008 T __funlockfile
001012d0 00000018 T __libc_lock_init
001012e8 00000018 T __libc_lock_acquire
00101300 00000024 T __libc_lock_try_acquire
00101324 00000018 T __libc_lock_release
0010133c 00000018 T __libc_lock_close
00101354 00000018 T __libc_lock_init_recursive
0010136c 00000018 T __libc_lock_acquire_recursive
00101384 00000024 T __libc_lock_try_acquire_recursive
001013a8 00000018 T __libc_lock_release_recursive
001013c0 00000018 T __libc_lock_close_recursive
001013d8 00000044 T __free_handle
0010141c 0000003c T __release_handle
00101458 00000078 T __alloc_handle
001014d0 0000001c T __get_handle
001014ec 000000a4 T dup
00101590 0000010c T dup2
0010169c 00000028 T __getreent
001016c4 T __aeabi_uidiv
001016c4 000001ec T __udivsi3
001016c4 t .udivsi3_skip_div0_test
001018b0 00000020 T __aeabi_uidivmod
001018d0 00000288 T pokeSlow
00101b58 00000058 T main
00101bb0 0000001c T debug_write
00101bcc 000001ac T consoleDrawChar
00101d78 00000128 T consolePrintChar
00101ea0 00000184 t consoleCls
00102024 000000f8 T consoleInit
0010211c 00000138 t consoleClearLine
00102254 000000c0 t newRow
00102314 0000086c T con_write
00102b80 0000008c t gfxSetFramebufferInfo.part.0
00102c0c 00000018 T gfxSetScreenFormat
00102c24 00000014 T gfxSetDoubleBuffering
00102c38 00000070 T gfxSetFramebufferInfo
00102ca8 00000088 T gfxWriteFramebufferInfo
00102d30 000001d0 T gfxInit
00102f00 00000010 T gfxInitDefault
00102f10 000000e0 T gfxExit
00102ff0 000000b0 T gfxGetFramebuffer
001030a0 000000cc T gfxFlushBuffers
0010316c 00000070 T gfxConfigScreen
001031dc 00000020 T gfxSwapBuffers
001031fc 00000020 T gfxSwapBuffersGpu
0010321c 00000068 t __apt_initservicehandle
00103284 00000004 W _aptDebug
00103288 00000098 T aptInitCaptureInfo
00103320 00000028 T aptWaitStatusEvent
00103348 00000060 T aptGetMenuAppID
001033a8 0000006c T aptSetStatus
00103414 00000048 T APT_GetLockHandle
0010345c 00000060 T APT_Initialize
001034bc 00000034 T APT_Finalize
001034f0 00000048 T APT_InquireNotification
00103538 0000002c T APT_PrepareToJumpToHomeMenu
00103564 00000050 T APT_JumpToHomeMenu
001035b4 00000034 T APT_PrepareToJumpToApplication
001035e8 00000050 T APT_JumpToApplication
00103638 00000034 T APT_NotifyToWait
0010366c 0000008c T APT_AppletUtility
001036f8 00000188 T aptAppletUtility_Exit_RetToApp
00103880 0000003c T aptAppletClosed
001038bc 00000114 t aptAppStarted
001039d0 00000298 T aptInit
00103c68 0000006c T APT_ReceiveParameter
00103cd4 00000064 T APT_SendParameter
00103d38 00000044 T APT_SendCaptureBufferInfo
00103d7c 00000264 T aptReturnToMenu
00103fe0 00000038 T APT_ReplySleepQuery
00104018 00000034 T APT_ReplySleepNotificationComplete
0010404c 00000418 T aptEventHandler
00104464 00000034 T APT_PrepareToCloseApplication
00104498 00000050 T APT_CloseApplication
001044e8 000002d0 T aptExit
001047b8 0000006c T APT_CheckNew3DS_System
00104824 0000008c T APT_CheckNew3DS
001048b0 00000054 T APT_StartLibraryApplet
00104904 00000174 T aptAppletStarted
00104a78 000001a4 T aptMainLoop
00104c1c 00000124 t gspEventThreadMain
00104d40 00000074 T gspInit
00104db4 0000003c T gspExit
00104df0 000000d0 T gspInitEventHandler
00104ec0 0000005c T gspExitEventHandler
00104f1c 00000058 T gspWaitForEvent
00104f74 0000006c T GSPGPU_SetBufferSwap
00104fe0 0000004c T GSPGPU_FlushDataCache
0010502c 00000034 T GSPGPU_SetLcdForceBlack
00105060 00000064 T GSPGPU_RegisterInterruptRelayQueue
001050c4 0000002c T GSPGPU_UnregisterInterruptRelayQueue
001050f0 00000048 T GSPGPU_AcquireRight
00105138 0000002c T GSPGPU_ReleaseRight
00105164 00000080 T GSPGPU_ImportDisplayCaptureInfo
001051e4 0000002c T GSPGPU_SaveVramSysArea
00105210 0000002c T GSPGPU_RestoreVramSysArea
0010523c 000000d8 T hidExit
00105314 00000238 T hidScanInput
0010554c 00000010 T hidKeysDown
0010555c 00000090 T HIDUSER_GetHandles
001055ec 00000184 T hidInit
00105770 000000b0 T irrstScanInput
00105820 0000001c T irrstKeysHeld
0010583c 00000050 T IRRST_GetHandles
0010588c 00000148 T irrstInit
001059d4 0000002c T IRRST_Shutdown
00105a00 000000b0 T irrstExit
00105ab0 000000f4 T __system_initArgv
00105ba4 00000038 W __libctru_init
00105bdc 00000030 t __ctru_get_reent
00105c0c 000000e8 T __system_initSyscalls
00105cf4 T svcControlMemory
00105d14 T svcExitProcess
00105d1c T svcCreateThread
00105d3c T svcExitThread
00105d44 T svcCreateEvent
00105d58 T svcSignalEvent
00105d60 T svcClearEvent
00105d68 T svcMapMemoryBlock
00105d70 T svcUnmapMemoryBlock
00105d78 T svcCreateAddressArbiter
00105d8c T svcArbitrateAddress
00105da4 T svcCloseHandle
00105dac T svcWaitSynchronization
00105db4 T svcWaitSynchronizationN
00105ddc T svcDuplicateHandle
00105df0 T svcGetSystemTick
00105df8 T svcGetSystemInfo
00105e10 T svcConnectToPort
00105e24 T svcSendSyncRequest
00105e2c T svcBreak
00105e34 T svcOutputDebugString
00105e3c 00000024 t addrMapNodeComparator(rbtree_node const*, rbtree_node const*)
00105e60 00000004 t addrMapNodeDestructor(rbtree_node*)
00105e64 00000140 T linearMemAlign
00105fa4 00000008 T linearAlloc
00105fac 00000050 T linearFree
00105ffc 00000024 t addrMapNodeComparator(rbtree_node const*, rbtree_node const*)
00106020 00000004 t addrMapNodeDestructor(rbtree_node*)
00106024 000000f4 T mappableAlloc
00106118 00000050 T mappableFree
00106168 000000a0 T MemPool::CoalesceRight(MemBlock*)
00106208 0000018c T MemPool::Allocate(MemChunk&, unsigned long, int)
00106394 00000104 T MemPool::Deallocate(MemChunk const&)
00106498 00000024 t addrMapNodeComparator(rbtree_node const*, rbtree_node const*)
001064bc 00000004 t addrMapNodeDestructor(rbtree_node*)
001064c0 00000130 T vramMemAlign
001065f0 00000008 T vramAlloc
001065f8 00000050 T vramFree
00106648 00000094 T envGetHandle
001066dc 0000004c T envDestroyHandles
00106728 00000058 t getSysTime
00106780 00000024 T osGetMemRegionUsed
001067a8 000000f4 T __libctru_gtod
001068a0 00000034 T __ctru_speedup_config
001068d4 00000050 T srvExit
00106924 00000038 T srvRegisterClient
0010695c 00000070 T srvInit
001069cc 00000068 T srvGetServiceHandleDirect
00106a34 00000038 T srvGetServiceHandle
00106a6c 00000034 t LightLock_Unlock.part.1
00106aa0 0000000c T __sync_init
00106aac 00000018 T __sync_fini
00106ac4 00000018 T LightLock_Init
00106adc 00000094 T LightLock_Lock
00106b70 00000034 T LightLock_TryLock
00106ba4 00000020 T LightLock_Unlock
00106bc4 00000024 T RecursiveLock_Init
00106be8 00000030 T RecursiveLock_Lock
00106c18 00000058 T RecursiveLock_TryLock
00106c70 00000038 T RecursiveLock_Unlock
00106ca8 000001c8 T threadCreate
00106e70 00000024 T threadJoin
00106e94 0000006c T threadExit
00106f00 0000003c t _thread_begin
00106f3c 00000070 T ptmSysmInit
00106fac 00000034 T ptmSysmExit
00106fe0 00000034 T PTMSYSM_ConfigureNew3DSCPU
00107014 00000070 T rbtree_find
00107084 00000014 T rbtree_init
00107098 000001d4 t do_insert
0010726c 00000008 T rbtree_insert
00107274 0000035c T rbtree_remove
001075d0 000000ac T rbtree_rotate
0010767c 00000058 t osGetMemRegionSize
001076d4 00000124 W __system_allocateHeaps
001077f8 0000001c W __appExit
00107814 0000001c W __appInit
00107830 000000a4 W __libctru_exit
001078d4 00000010 t sdmc_link
001078e4 00000010 t sdmc_dirreset
001078f4 00000010 t sdmc_chmod
00107904 00000010 t sdmc_fchmod
00107914 00000024 t error_cmp
00107938 00000050 t sdmc_translate_error
00107988 00000034 t sdmc_fsync
001079bc 00000054 t sdmc_ftruncate
00107a10 000000ac t sdmc_statvfs
00107abc 00000038 t sdmc_dirclose
00107af4 0000013c t sdmc_dirnext
00107c30 00000034 t sdmc_close
00107c64 00000074 t sdmc_fstat
00107cd8 000000c0 t sdmc_seek
00107d98 0000008c t sdmc_read
00107e24 00000110 t sdmc_write_safe
00107f34 000001b4 t sdmc_utf16path
001080e8 00000074 t sdmc_rmdir
0010815c 000000a8 t sdmc_diropen
00108204 000000a0 t sdmc_chdir
001082a4 00000098 t sdmc_mkdir
0010833c 00000108 t sdmc_rename
00108444 00000074 t sdmc_unlink
001084b8 00000108 t sdmc_stat
001085c0 00000188 t sdmc_open
00108748 0000015c T sdmcInit
001088a4 00000054 T sdmcExit
001088f8 00000028 t fsSessionForArchive.part.0
00108920 000000cc T fsInit
001089ec 00000038 T fsExit
00108a24 00000074 T fsExemptFromSession
00108a98 00000054 T fsUnexemptFromSession
00108aec 000000bc T FSUSER_OpenFile
00108ba8 000000a4 T FSUSER_DeleteFile
00108c4c 000000e0 T FSUSER_RenameFile
00108d2c 000000a4 T FSUSER_DeleteDirectory
00108dd0 000000bc T FSUSER_CreateFile
00108e8c 000000ac T FSUSER_CreateDirectory
00108f38 000000e0 T FSUSER_RenameDirectory
00109018 000000a4 T FSUSER_OpenDirectory
001090bc 0000009c T FSUSER_OpenArchive
00109158 00000074 T FSUSER_CloseArchive
001091cc 00000078 T FSUSER_GetSdmcArchiveResource
00109244 00000064 T FSUSER_IsSdmcWritable
001092a8 0000005c T FSFILE_Read
00109304 00000064 T FSFILE_Write
00109368 0000003c T FSFILE_GetSize
001093a4 0000002c T FSFILE_SetSize
001093d0 0000003c T FSFILE_Close
0010940c 00000024 T FSFILE_Flush
00109430 00000054 T FSDIR_Read
00109484 0000003c T FSDIR_Close
001094c0 0000008c T rbtree_node_next
0010954c 00000138 T decode_utf8
00109684 000000e4 T utf16_to_utf8
00109768 000000bc T utf8_to_utf16
00109824 T __aeabi_read_tp
00109830 00000060 T decode_utf16
00109890 00000068 T encode_utf16
001098f8 00000104 T encode_utf8
001099fc 00000078 T bsearch
00109a74 0000000c T __errno
00109a80 00000120 T _fclose_r
00109ba0 00000018 T fclose
00109bb8 00000230 T __sflush_r
00109de8 00000090 T _fflush_r
00109e78 00000038 T fflush
00109eb0 0000000c T _cleanup_r
00109ebc 00000080 t std.isra.0
00109f3c 00000048 T __sfmoreglue
00109f84 0000008c T __sinit
0010a010 0000011c T __sfp
0010a12c 0000000c T __sfp_lock_acquire
0010a138 0000000c T __sfp_lock_release
0010a144 0000003c T __libc_fini_array
0010a180 0000013c T _fopen_r
0010a2bc 00000020 T fopen
0010a2dc 000002ec T _fread_r
0010a5c8 00000038 T fread
0010a600 000000f8 T _malloc_trim_r
0010a6f8 000002e4 T _free_r
0010a9dc 00000004 T _fseek_r
0010a9e0 00000028 T fseek
0010aa08 000004f8 T _fseeko_r
0010af00 00000078 T _fwalk
0010af78 00000080 T _fwalk_reent
0010aff8 00000118 T _fwrite_r
0010b110 00000038 T fwrite
0010b148 00000078 T __libc_init_array
0010b1c0 00000160 T __smakebuf_r
0010b320 00000020 T memalign
0010b340 0000015c T _memalign_r
0010b49c 00000018 T malloc
0010b4b4 00000018 T free
0010b4cc 000007a8 T _malloc_r
0010bc74 000000f0 T memcpy
0010bd64 000000f4 T memset
0010be58 0000000c T __malloc_lock
0010be64 0000000c T __malloc_unlock
0010be70 00000038 T printf
0010bea8 000000ec T _puts_r
0010bf94 00000018 T puts
0010bfac 0000001c t lflush
0010bfc8 000001d8 T __srefill_r
0010c1a0 000001fc T setvbuf
0010c39c 00000074 T sscanf
0010c410 00000030 T __sread
0010c440 00000008 T __seofread
0010c448 00000054 T __swrite
0010c49c 0000002c T __sseek
0010c4c8 00000008 T __sclose
0010c4d0 0000015c T strchr
0010c62c 0000005c T strlen
0010c688 000000a4 T strncat
0010c72c 000000e0 T strncpy
0010c80c 00002c20 T __ssvfscanf_r
0010f42c 00000018 T unlink
0010f444 000000a4 t __sprint_r.part.0
0010f4e8 0000001c T __sprint_r
0010f504 0000161c t get_arg
00110b20 00004878 T _vfprintf_r
00115398 000000cc t __sbprintf
00115464 0000008c T _wcrtomb_r
001154f0 00000020 T _wcsrtombs_r
00115510 00000114 T __utf8_wctomb
00115624 00000148 T __swsetup_r
0011576c 000001bc t quorem
00115928 000012c8 T _dtoa_r
00116bf0 000000b0 T __sflags
00116ca0 00000124 T __fputwc
00116dc4 000000a8 T _fputwc_r
00116e6c 000004a4 T __sfvwrite_r
00117310 00000074 T iswspace
00117384 00000204 t __jp2uc
00117588 00000084 T _jp2uc
0011760c 0000000c T __locale_charset
00117618 00000010 T __locale_mb_cur_max
00117628 0000000c T _localeconv_r
00117634 00000098 T _mbrtowc_r
001176cc 000002fc T __utf8_mbtowc
001179c8 00000100 T memchr
00117ac8 00000128 T memmove
00117bf0 0000008c T _Balloc
00117c7c 0000001c T _Bfree
00117c98 000000d0 T __multadd
00117d68 000000e4 T __s2b
00117e4c 0000005c T __hi0bits
00117ea8 00000098 T __lo0bits
00117f40 00000020 T __i2b
00117f60 000001dc T __multiply
0011813c 00000100 T __pow5mult
0011823c 000000f0 T __lshift
0011832c 00000064 T __mcmp
00118390 00000198 T __mdiff
00118528 00000078 T __ulp
001185a0 000000d4 T __b2d
00118674 00000104 T __d2b
00118778 00000078 T __ratio
001187f0 0000006c T __copybits
0011885c 00000080 T __any_on
001188dc 000004c0 T _realloc_r
00118d9c 000000d0 T __sccl
00118e6c 0000000c T nanf
00118e78 00000074 T __fpclassifyd
00118ef0 00000094 T frexp
00118f88 00000068 T sprintf
00118ff0 00000108 T stpncpy
001190f8 0000011c T strncmp
00119214 00000058 t sulp
00119270 0000144c T _strtod_r
0011a6c0 0000025c T _strtoll_r
0011a91c 000001d4 T _strtol_r
0011aaf0 00000264 T _strtoull_r
0011ad58 000001d4 T _strtoul_r
0011af2c 000001a8 T __ssprint_r
0011b0d4 000000f8 T _sungetc_r
0011b1cc 0000006c T __ssrefill_r
0011b238 000000c8 T _sfread_r
0011b300 0000161c t get_arg
0011c920 000049fc T _svfprintf_r
00121320 000000a8 T __submore
001213c8 00000124 T __swbuf_r
001214ec 00000190 T _wcsnrtombs_r
0012167c 00000090 T _calloc_r
0012170c 000000ec t rshift
001217f8 000007d0 T __gethex
00121fc8 00000258 T __hexnan
00122220 0000005c T strnlen
0012227c 00000044 T strrchr
001222c0 T _fini
00123000 00000068 r dotab_3dmoo
00123068 00000068 r dotab_stdout
001230d0 00000068 r dotab_null
00123138 00000030 r colorTable
00123168 00000014 r CSWTCH.21
0012317c 00000008 r framebufferInfoSt
00123184 0000000c r __apt_servicenames
00123190 R default_font_bin
00123990 R default_font_bin_end
00123990 R default_font_bin_size
00123994 00000030 r error_table
001239d0 00000068 R dotab_stdnull
00123a38 00000003 R DIRECTORY_PARENT
00123a3c 00000002 R DIRECTORY_THIS
00123a40 00000002 R DIRECTORY_SEPARATOR
00124544 00000004 R _global_impure_ptr
00124548 00000022 r basefix.7044
00124574 00000010 r zeroes.7138
001245c4 r .LC2
001245c8 00000010 r blanks.7137
001245d8 00000101 R _ctype_
001246ec 000000bc r a1
001247a8 000000bc r a2
00124864 0000005b r a3
001248c0 00000070 r a6
00124930 000000a2 r a7
001249d4 00000040 r a8
00124a28 0000172a r b02cf
00126154 00001a7c r d02f4
00127ce8 000000c8 R __mprec_tens
00127db0 0000000c r p05.5412
00127dc0 00000028 R __mprec_bigtens
00127de8 00000014 r fpinan.5417
00127e08 00000014 r fpi.5381
00127e20 00000028 r tinytens
00127e48 0000006c R __state_table
00127eb4 00000100 R __chclass
00127fb4 0000006c R __action_table
00128020 00000010 r blanks.7122
00128030 00000010 r zeroes.7123
00128040 00000100 R __hexdig
00128148 r __EH_FRAME_BEGIN__
00128148 R __exidx_end
00128148 R __exidx_start
00129000 000002fc D pokeSpec
001292fc 0000004c D defaultConsole
00129348 00000004 D currentConsole
0012934c 00000001 d firstConsoleInit.6549
00129350 00000001 d topFormat
00129351 00000001 d botFormat
00129354 00000008 d doubleBuf
0012935c 00000001 d aptSleepAllowed
00129360 W __stacksize__
00129364 00000401 d __cwd
00129768 00000068 d sdmc_devoptab
001297d0 00000004 d defaultDevice
001297d4 00000040 D devoptab_list
00129814 00001000 d _current_working_directory
0012a814 0000000c d __stdin_handle
0012a820 0000000c d __stdout_handle
0012a82c 0000000c d __stderr_handle
0012a838 00000004 d __hndl_lock
0012a83c 00001000 d handles
0012b83c 0000000c d __sfp_lock
0012b848 0000000c d __sinit_lock
0012b858 00000440 d impure_data
0012bc98 00000004 D _impure_ptr
0012bc9c 00000408 D __malloc_av_
0012c0a4 00000004 D __malloc_trim_threshold
0012c0a8 00000004 D __malloc_sbrk_base
0012c0ac 0000000c d __malloc_lock_object
0012c0b8 00000004 D __wctomb
0012c0bc 00000004 D __ctype_ptr__
0012c0c0 00000038 d lconv
0012c0f8 00000020 d lc_ctype_charset
0012c118 00000004 D __mb_cur_max
0012c11c 00000004 D __mbtowc
0012c120 t __frame_dummy_init_array_entry
0012c120 T __init_array_start
0012c120 d __JCR_LIST__
0012c120 B __preinit_array_end
0012c120 B __preinit_array_start
0012c120 D __tdata_lma
0012c120 D __tdata_lma_end
0012c120 D __TMC_END__
0012c120 d __TMC_LIST__
0012c124 t __do_global_dtors_aux_fini_array_entry
0012c124 T __fini_array_start
0012c124 T __init_array_end
0012c128 T __bss_start__
0012c128 b completed.6505
0012c128 T __fini_array_end
0012c12c b object.6510
0012c144 00000001 b enable3d
0012c148 00000004 b screenFree
0012c14c 00000002 b currentBuffer
0012c150 00000004 b __apt_servicestr
0012c154 0000000c b aptFirstHook
0012c160 00000001 B aptStatus
0012c164 00000004 b aptRefCount
0012c168 00000002 b __apt_launchapplet_appID
0012c16c 00000020 b __ns_capinfo
0012c18c 00000001 B aptStatusBeforeSleep
0012c190 00000004 b __apt_launchapplet_parambuf
0012c194 00000004 b __apt_launchapplet_parambufsize
0012c198 00000004 b __apt_new3dsflag_initialized
0012c19c 00000001 b __apt_new3dsflag
0012c1a0 00000004 b __apt_launchapplet_inhandle
0012c1a4 00000004 b gspEvent
0012c1a8 00000004 b gspEventData
0012c1ac 00000004 b gspRefCount
0012c1b0 00000004 b hidRefCount
0012c1b4 00000004 b kOld
0012c1b8 00000004 b kHeld
0012c1bc 00000004 b cPos
0012c1c0 00000004 b tPos
0012c1c4 00000006 b aVec
0012c1cc 00000006 b gRate
0012c1d4 00000004 b kDown
0012c1d8 00000004 b kUp
0012c1dc 00000004 b irrstRefCount
0012c1e0 00000004 b kHeld
0012c1e4 00000004 b csPos
0012c1e8 b saved_stack
0012c1f0 00000008 b sLinearPool
0012c1f8 0000000c b sAddrMap
0012c204 00000008 b sMappablePool
0012c20c 0000000c b sAddrMap
0012c218 00000008 b sVramPool
0012c220 0000000c b sAddrMap
0012c22c 00000001 V __ctru_speedup
0012c230 00000004 b srvRefCount
0012c234 00000004 b srvHandle
0012c238 00000004 b arbiter
0012c23c 00000004 b ptmSysmRefCount
0012c240 00000004 b ptmSysmHandle
0012c248 00000008 b sdmcArchive
0012c250 00000001 b sdmcInitialised
0012c258 00000004 b fsuHandle
0012c25c 00000004 b fsuRefCount
0012c260 00000080 b fsExemptArchives
0012c2e0 00000004 b heap_start.5704
0012c2e4 00000004 B fake_heap_start
0012c2e8 00000004 B fake_heap_end
0012c2ec 00001000 b temp_cwd
0012d2ec 00000038 B __syscalls
0012d324 00000004 B __malloc_max_total_mem
0012d328 00000004 B __malloc_max_sbrked_mem
0012d32c 00000004 B __malloc_top_pad
0012d330 00000028 B __malloc_current_mallinfo
0012d358 0000004c B currentCopy
0012d3a4 00000008 B gfxBottomFramebuffers
0012d3ac 00000004 B gspSharedMemHandle
0012d3b0 0000001c B bottomFramebufferInfo
0012d3cc 00000004 B gspEvent
0012d3d0 00000008 B gfxTopLeftFramebuffers
0012d3d8 00000008 B gfxTopRightFramebuffers
0012d3e0 0000001c B topFramebufferInfo
0012d3fc 00000001 B gfxThreadID
0012d400 00000004 B gfxSharedMemory
0012d404 00000004 B gxCmdBuf
0012d408 00000004 B aptEventHandlerThread
0012d40c 00000004 B aptSleepSync
0012d410 00001000 B aptParameters
0012e410 00000004 B aptuHandle
0012e414 0000000c B aptEvents
0012e420 00000004 B aptStatusEvent
0012e424 00000004 B aptStatusPower
0012e428 00000004 B aptStatusMutex
0012e42c 00000004 B aptLockHandle
0012e430 00000002 B currentAppId
0012e434 00000007 B gspEventCbOneShot
0012e43c 0000001c B gspEventCb
0012e458 00000004 B gspGpuHandle
0012e45c 00000004 B gspEventThread
0012e460 0000001c B gspEventCounts
0012e47c 0000001c B gspEvents
0012e498 00000001 B gspRunEvents
0012e49c 0000001c B gspEventCbData
0012e4b8 00000004 B hidMemHandle
0012e4bc 00000004 B hidHandle
0012e4c0 00000004 B hidSharedMem
0012e4c4 00000014 B hidEvents
0012e4d8 00000004 B irrstHandle
0012e4dc 00000004 B irrstEvent
0012e4e0 00000004 B irrstMemHandle
0012e4e4 00000004 B irrstSharedMem
0012e4e8 00000004 B __system_argv
0012e4ec 00000004 B __system_argc
0012e4f0 00000004 B __system_retAddr
0012e4f4 00000004 B __ctru_heap_size
0012e4f8 00000004 B __ctru_linear_heap
0012e4fc 00000004 B __ctru_heap
0012e500 00000004 B __ctru_linear_heap_size
0012e504 B __tls_start
00131910 B __bss_end__
00131910 A __end__
00131910 B __tls_end
